Questionable use of curly braces in "prj = initproject({myfirstrcnetwork}) # sets all the paths and creates the html main index page."
    Error: undefined symbol in: "[myfirstrcnetwork]"
Questionable use of curly braces in "basefilename = {myfirstrcnetwork}"
    Error: undefined symbol in: "[myfirstrcnetwork]"
Questionable use of curly braces in "filename = {basefilename} + {.cir}"
    Error: undefined symbol in: "[basefilename]"
Questionable use of curly braces in "filename = (basefilename) + {.cir}"
    Error: no digits in number in: "[.c]ir"
Questionable use of curly braces in "schematicfile = {basefilename} + {.asc}"
    Error: undefined symbol in: "[basefilename]"
Questionable use of curly braces in "schematicfile = (basefilename) + {.asc}"
    Error: no digits in number in: "[.a]sc"
Questionable use of curly braces in "makenetlist(schematicfile, {myfirstrcnetwork})"
    Error: undefined symbol in: "[myfirstrcnetwork]"
Questionable use of curly braces in "htmlpage({circuitdata})"
    Error: undefined symbol in: "[circuitdata]"
Questionable use of curly braces in "head2html({circuitdiagram})"
    Error: undefined symbol in: "[circuitdiagram]"
Questionable use of curly braces in "img2html({myfirstrcnetwork.svg}, 250, caption = {circuitdiagramofthercnetwork.}, label = {figrcnetwork})"
    Error: undefined symbol in: "[myfirstrcnetwork.svg]"
Questionable use of curly braces in "img2html((myfirstrcnetwork.svg), 250, caption = {circuitdiagramofthercnetwork.}, label = {figrcnetwork})"
    Error: undefined symbol in: "[circuitdiagramofthercnetwork.]"
Questionable use of curly braces in "img2html((myfirstrcnetwork.svg), 250, caption = (circuitdiagramofthercnetwork.), label = {figrcnetwork})"
    Error: undefined symbol in: "[figrcnetwork]"
Questionable use of curly braces in "netlist2html(filename, label = {netlist}) # this displays the netlist"
    Error: undefined symbol in: "[netlist]"
Questionable use of curly braces in "elementdata2html(i1.circuit, label = {elementdata}) # this shows the data of the expanded netlist"
    Error: undefined symbol in: "[elementdata]"
Questionable use of curly braces in "params2html(i1.circuit, label = {params}) # this displays the circuit parameters"
    Error: undefined symbol in: "[params]"
Questionable use of curly braces in "i1.setsimtype({symbolic})"
    Error: undefined symbol in: "[symbolic]"
Questionable use of curly braces in "i1.setgaintype({vi})"
    Error: undefined symbol in: "[vi]"
Questionable use of curly braces in "i1.setdatatype({matrix})"
    Error: undefined symbol in: "[matrix]"
Questionable use of curly braces in "htmlpage({matrixequations})"
    Error: undefined symbol in: "[matrixequations]"
Questionable use of curly braces in "text2html({themnamatrixequationforthercnetworkis:})"
    Error: undefined symbol in: "[themnamatrixequationforthercnetworkis:]"
Questionable use of curly braces in "matrices2html(mna, label = {mna}, labeltext = {mnaequationofthenetwork})"
    Error: undefined symbol in: "[mna]"
Questionable use of curly braces in "matrices2html(mna, label = (mna), labeltext = {mnaequationofthenetwork})"
    Error: undefined symbol in: "[mnaequationofthenetwork]"
Questionable use of curly braces in "text2html({thevectorwithindependentvariablesis:})"
    Error: undefined symbol in: "[thevectorwithindependentvariablesis:]"
Questionable use of curly braces in "eqn2html({i_v}, mna.iv, label = {iv}, labeltext = {vectorwithindependentvariables})"
    Error: undefined symbol in: "[i_v]"
Questionable use of curly braces in "eqn2html((i_v), mna.iv, label = {iv}, labeltext = {vectorwithindependentvariables})"
    Error: undefined symbol in: "[iv]"
Questionable use of curly braces in "eqn2html((i_v), mna.iv, label = (iv), labeltext = {vectorwithindependentvariables})"
    Error: undefined symbol in: "[vectorwithindependentvariables]"
Questionable use of curly braces in "text2html({themnamatrixis:})"
    Error: undefined symbol in: "[themnamatrixis:]"
Questionable use of curly braces in "eqn2html({m}, mna.m, label = {m}, labeltext = {mnamatrix})"
    Error: undefined symbol in: "[m]"
Questionable use of curly braces in "eqn2html((m), mna.m, label = {m}, labeltext = {mnamatrix})"
    Error: undefined symbol in: "[m]"
Questionable use of curly braces in "eqn2html((m), mna.m, label = (m), labeltext = {mnamatrix})"
    Error: undefined symbol in: "[mnamatrix]"
Questionable use of curly braces in "text2html({thevectorwithdependentvariablesis:})"
    Error: undefined symbol in: "[thevectorwithdependentvariablesis:]"
Questionable use of curly braces in "eqn2html({d_v}, mna.dv, label = {dv}, labeltext = {vectorwithdependentvariables})"
    Error: undefined symbol in: "[d_v]"
Questionable use of curly braces in "eqn2html((d_v), mna.dv, label = {dv}, labeltext = {vectorwithdependentvariables})"
    Error: undefined symbol in: "[dv]"
Questionable use of curly braces in "eqn2html((d_v), mna.dv, label = (dv), labeltext = {vectorwithdependentvariables})"
    Error: undefined symbol in: "[vectorwithdependentvariables]"
Questionable use of curly braces in "i1.setsource({v1}) # {v1} is the identifier of the independent source that we assign as signal source"
    Error: undefined symbol in: "[v1]"
Questionable use of curly braces in "i1.setsource((v1)) # {v1} is the identifier of the independent source that we assign as signal source"
    Error: undefined symbol in: "[v1]"
Questionable use of curly braces in "i1.setdetector({v_out}) # {v_out} is the voltage at node {out} with respect to ground (node {0})"
    Error: undefined symbol in: "[v_out]"
Questionable use of curly braces in "i1.setdetector((v_out)) # {v_out} is the voltage at node {out} with respect to ground (node {0})"
    Error: undefined symbol in: "[v_out]"
Questionable use of curly braces in "i1.setdetector((v_out)) # (v_out) is the voltage at node {out} with respect to ground (node {0})"
    Error: undefined symbol in: "[out]"
Questionable use of curly braces in "i1.setgaintype({gain})"
    Error: undefined symbol in: "[gain]"
Questionable use of curly braces in "i1.setdatatype({laplace})"
    Error: undefined symbol in: "[laplace]"
Questionable use of curly braces in "i1.setsimtype({symbolic})"
    Error: undefined symbol in: "[symbolic]"
Questionable use of curly braces in "eqn2html({v_out/v_1}, gain.laplace, label = {gainlaplace}, labeltext = {laplacetransferfunction})"
    Error: undefined symbol in: "[v_out]/v_1"
Questionable use of curly braces in "eqn2html((v_out/v_1), gain.laplace, label = {gainlaplace}, labeltext = {laplacetransferfunction})"
    Error: undefined symbol in: "[gainlaplace]"
Questionable use of curly braces in "eqn2html((v_out/v_1), gain.laplace, label = (gainlaplace), labeltext = {laplacetransferfunction})"
    Error: undefined symbol in: "[laplacetransferfunction]"
Questionable use of curly braces in "i1.setsimtype({numeric})"
    Error: undefined symbol in: "[numeric]"
Questionable use of curly braces in "htmlpage({plots})"
    Error: undefined symbol in: "[plots]"
Questionable use of curly braces in "head2html({frequencydomainplots})"
    Error: undefined symbol in: "[frequencydomainplots]"
Questionable use of curly braces in "figmag = plotsweep({rcmag}, {magnitudecharacteristic}, numgain, 10, {100k}, 100, yunits = {-}, show = true)"
    Error: undefined symbol in: "[rcmag]"
Questionable use of curly braces in "figmag = plotsweep((rcmag), {magnitudecharacteristic}, numgain, 10, {100k}, 100, yunits = {-}, show = true)"
    Error: undefined symbol in: "[magnitudecharacteristic]"
Questionable use of curly braces in "figmag = plotsweep((rcmag), (magnitudecharacteristic), numgain, 10, {100k}, 100, yunits = {-}, show = true)"
    Error: unexpected token in: "-[]"
Fatal Error: Incorrect use of curly braces in "figmag = plotsweep((rcmag), (magnitudecharacteristic), numgain, 10, {100k}, 100, yunits = {-}, show = true)"
    Error: unexpected token in: "-[]"

