Questionable use of curly braces in "prj = initproject({nmosekvplots}) # creates the slicap libraries and the"
    Error: undefined symbol in: "[nmosekvplots]"
Questionable use of curly braces in "filename = {mosekvplotsn_v.cir}"
    Error: undefined symbol in: "[mosekvplotsn_v.cir]"
Questionable use of curly braces in "htmlpage({circuitdata})"
    Error: undefined symbol in: "[circuitdata]"
Questionable use of curly braces in "htmlpage({cmos18ekvmodelplots})"
    Error: undefined symbol in: "[cmos18ekvmodelplots]"
Questionable use of curly braces in "i1.setdatatype({params})"
    Error: undefined symbol in: "[params]"
Questionable use of curly braces in "i1.defpar({v_g}, 1.8)"
    Error: undefined symbol in: "[v_g]"
Questionable use of curly braces in "i1.defpar({v_d}, 1.8)"
    Error: undefined symbol in: "[v_d]"
Questionable use of curly braces in "i1.setstepvar({v_g})"
    Error: undefined symbol in: "[v_g]"
Questionable use of curly braces in "i1.setstepmethod({lin})"
    Error: undefined symbol in: "[lin]"
Questionable use of curly braces in "fig_ids_vds = plotsweep({idsvds}, {$i_{ds}(v_{ds})$}, result, 0, 1.8, 50, sweepvar= {v_d}, xunits = {v}, yvar = {i_ds_x1}, yscale = {u}, yunits = {a}, functype = {param}, show = true)"
    Error: undefined symbol in: "[idsvds]"
Questionable use of curly braces in "fig_ids_vds = plotsweep((idsvds), {$i_{ds}(v_{ds})$}, result, 0, 1.8, 50, sweepvar= {v_d}, xunits = {v}, yvar = {i_ds_x1}, yscale = {u}, yunits = {a}, functype = {param}, show = true)"
    Error: undefined symbol in: "[$i_](ds)(v_(ds))$"
Questionable use of curly braces in "fig_ids_vds = plotsweep((idsvds), ($i_{ds}(v_{ds})$), result, 0, 1.8, 50, sweepvar= {v_d}, xunits = {v}, yvar = {i_ds_x1}, yscale = {u}, yunits = {a}, functype = {param}, show = true)"
    Error: undefined symbol in: "[ds]"
Questionable use of curly braces in "fig_ids_vds = plotsweep((idsvds), ($i_(ds)(v_{ds})$), result, 0, 1.8, 50, sweepvar= {v_d}, xunits = {v}, yvar = {i_ds_x1}, yscale = {u}, yunits = {a}, functype = {param}, show = true)"
    Error: undefined symbol in: "[ds]"
Questionable use of curly braces in "fig_ids_vds = plotsweep((idsvds), ($i_(ds)(v_(ds))$), result, 0, 1.8, 50, sweepvar= {v_d}, xunits = {v}, yvar = {i_ds_x1}, yscale = {u}, yunits = {a}, functype = {param}, show = true)"
    Error: undefined symbol in: "[v_d]"
Questionable use of curly braces in "fig_ids_vds = plotsweep((idsvds), ($i_(ds)(v_(ds))$), result, 0, 1.8, 50, sweepvar= (v_d), xunits = {v}, yvar = {i_ds_x1}, yscale = {u}, yunits = {a}, functype = {param}, show = true)"
    Error: undefined symbol in: "[v]"
Questionable use of curly braces in "fig_ids_vds = plotsweep((idsvds), ($i_(ds)(v_(ds))$), result, 0, 1.8, 50, sweepvar= (v_d), xunits = (v), yvar = {i_ds_x1}, yscale = {u}, yunits = {a}, functype = {param}, show = true)"
    Error: undefined symbol in: "[i_ds_x1]"
Questionable use of curly braces in "fig_ids_vds = plotsweep((idsvds), ($i_(ds)(v_(ds))$), result, 0, 1.8, 50, sweepvar= (v_d), xunits = (v), yvar = (i_ds_x1), yscale = {u}, yunits = {a}, functype = {param}, show = true)"
    Error: unexpected token in: "u[]"
Fatal Error: Incorrect use of curly braces in "fig_ids_vds = plotsweep((idsvds), ($i_(ds)(v_(ds))$), result, 0, 1.8, 50, sweepvar= (v_d), xunits = (v), yvar = (i_ds_x1), yscale = {u}, yunits = {a}, functype = {param}, show = true)"
    Error: unexpected token in: "u[]"

